Using pre-set license
Built from '2020.2/release' branch; Version is '2020.2.4f1 (becced5a802b) revision 12504301'; Using compiler version '192528614'; Build Type 'Release'
OS: 'Windows 10 Home; OS build 19042.985; Version 2009; 64bit' Language: 'en' Physical Memory: 16234 MB
BatchMode: 1, IsHumanControllingUs: 0, StartBugReporterOnCrash: 0, Is64bit: 1, IsPro: 0

 COMMAND LINE ARGUMENTS:
C:\Program Files\Unity\Hub\Editor\2020.2.4f1\Editor\Unity.exe
-adb2
-batchMode
-noUpm
-name
AssetImportWorker0
-projectPath
C:/Users/pcdar/OneDrive/Documentos/GitHub/FIA-Trabalhos-2021/Problema 2/Codigo Unity Novo/TP2  Updated
-logFile
Logs/AssetImportWorker0.log
-srvPort
53840
Successfully changed project path to: C:/Users/pcdar/OneDrive/Documentos/GitHub/FIA-Trabalhos-2021/Problema 2/Codigo Unity Novo/TP2  Updated
C:/Users/pcdar/OneDrive/Documentos/GitHub/FIA-Trabalhos-2021/Problema 2/Codigo Unity Novo/TP2  Updated
Using Asset Import Pipeline V2.
Refreshing native plugins compatible for Editor in 27.58 ms, found 0 plugins.
Preloading 0 native plugins for Editor in 0.00 ms.
Initialize engine version: 2020.2.4f1 (becced5a802b)
[Subsystems] Discovering subsystems at path C:/Program Files/Unity/Hub/Editor/2020.2.4f1/Editor/Data/Resources/UnitySubsystems
[Subsystems] Discovering subsystems at path C:/Users/pcdar/OneDrive/Documentos/GitHub/FIA-Trabalhos-2021/Problema 2/Codigo Unity Novo/TP2  Updated/Assets
GfxDevice: creating device client; threaded=0
Direct3D:
    Version:  Direct3D 11.0 [level 11.1]
    Renderer: NVIDIA GeForce GTX 1660 Ti (ID=0x2191)
    Vendor:   
    VRAM:     5991 MB
    Driver:   27.21.14.6647
Initialize mono
Mono path[0] = 'C:/Program Files/Unity/Hub/Editor/2020.2.4f1/Editor/Data/Managed'
Mono path[1] = 'C:/Program Files/Unity/Hub/Editor/2020.2.4f1/Editor/Data/MonoBleedingEdge/lib/mono/unityjit'
Mono config path = 'C:/Program Files/Unity/Hub/Editor/2020.2.4f1/Editor/Data/MonoBleedingEdge/etc'
Using monoOptions --debugger-agent=transport=dt_socket,embedding=1,server=y,suspend=n,address=127.0.0.1:56624
Begin MonoManager ReloadAssembly
Registering precompiled unity dll's ...
Register platform support module: C:/Program Files/Unity/Hub/Editor/2020.2.4f1/Editor/Data/PlaybackEngines/WindowsStandaloneSupport/UnityEditor.WindowsStandalone.Extensions.dll
Registered in 0.033159 seconds.
Native extension for WindowsStandalone target not found
Refreshing native plugins compatible for Editor in 24.44 ms, found 0 plugins.
Preloading 0 native plugins for Editor in 0.00 ms.
Invoked RoslynAnalysisRunner static constructor.
RoslynAnalysisRunner will not be running.
RoslynAnalysisRunner has terminated.
Mono: successfully reloaded assembly
- Completed reload, in  2.964 seconds
Platform modules already initialized, skipping
Registering precompiled user dll's ...
Registered in 0.026558 seconds.
Begin MonoManager ReloadAssembly
Native extension for WindowsStandalone target not found
Refreshing native plugins compatible for Editor in 0.19 ms, found 0 plugins.
Preloading 0 native plugins for Editor in 0.00 ms.
Invoked RoslynAnalysisRunner static constructor.
RoslynAnalysisRunner will not be running.
RoslynAnalysisRunner has terminated.
Mono: successfully reloaded assembly
- Completed reload, in  0.847 seconds
Platform modules already initialized, skipping
========================================================================
Worker process is ready to serve import requests
Launched and connected shader compiler UnityShaderCompiler.exe after 0.05 seconds
Refreshing native plugins compatible for Editor in 0.18 ms, found 0 plugins.
Preloading 0 native plugins for Editor in 0.00 ms.
Unloading 1125 Unused Serialized files (Serialized files now loaded: 0)
System memory in use before: 58.0 MB.
System memory in use after: 58.1 MB.

Unloading 9 unused Assets to reduce memory usage. Loaded Objects now: 1569.
Total: 1.750900 ms (FindLiveObjects: 0.191600 ms CreateObjectMapping: 0.081200 ms MarkObjects: 1.417100 ms  DeleteObjects: 0.059900 ms)

========================================================================
Received Import Request.
  path: Assets/Scenes/MatchMaker-OnevsOne.unity
  artifactKey: Guid(0dd67436d94a37045abf0e06aa9c4ea3) Importer(815301076,1909f56bfc062723c751e8b465ee728b)
Start importing Assets/Scenes/MatchMaker-OnevsOne.unity using Guid(0dd67436d94a37045abf0e06aa9c4ea3) Importer(815301076,1909f56bfc062723c751e8b465ee728b)  -> (artifact id: 'a5d34e366afd6ed6381ccb0adb4bc7f6') in 0.012683 seconds
  Import took 0.016299 seconds .

========================================================================
Received Import Request.
  Time since last request: 0.286530 seconds.
  path: Assets/Scenes/MatchMaker-Solo.unity
  artifactKey: Guid(5723da7b5024ab14090393d7ea68f99c) Importer(815301076,1909f56bfc062723c751e8b465ee728b)
Start importing Assets/Scenes/MatchMaker-Solo.unity using Guid(5723da7b5024ab14090393d7ea68f99c) Importer(815301076,1909f56bfc062723c751e8b465ee728b)  -> (artifact id: 'f6a28d4f3b2e663ca78aae1e9b271afc') in 0.002724 seconds
  Import took 0.006538 seconds .

========================================================================
Received Prepare
Registering precompiled user dll's ...
Registered in 0.000711 seconds.
Begin MonoManager ReloadAssembly
Native extension for WindowsStandalone target not found
Refreshing native plugins compatible for Editor in 0.19 ms, found 0 plugins.
Preloading 0 native plugins for Editor in 0.00 ms.
Invoked RoslynAnalysisRunner static constructor.
RoslynAnalysisRunner will not be running.
RoslynAnalysisRunner has terminated.
Mono: successfully reloaded assembly
- Completed reload, in  0.733 seconds
Platform modules already initialized, skipping
Refreshing native plugins compatible for Editor in 0.21 ms, found 0 plugins.
Preloading 0 native plugins for Editor in 0.00 ms.
Unloading 1119 Unused Serialized files (Serialized files now loaded: 0)
System memory in use before: 57.9 MB.
System memory in use after: 58.0 MB.

Unloading 4 unused Assets to reduce memory usage. Loaded Objects now: 1571.
Total: 1.575400 ms (FindLiveObjects: 0.129000 ms CreateObjectMapping: 0.036200 ms MarkObjects: 1.386700 ms  DeleteObjects: 0.022100 ms)

========================================================================
Received Import Request.
  Time since last request: 42.934157 seconds.
  path: Assets/Scenes/MatchMaker-Solo.unity
  artifactKey: Guid(5723da7b5024ab14090393d7ea68f99c) Importer(815301076,1909f56bfc062723c751e8b465ee728b)
Start importing Assets/Scenes/MatchMaker-Solo.unity using Guid(5723da7b5024ab14090393d7ea68f99c) Importer(815301076,1909f56bfc062723c751e8b465ee728b)  -> (artifact id: '2aa945d68ad41dc5cd5b57390182b91f') in 0.009583 seconds
  Import took 0.012700 seconds .

========================================================================
Received Prepare
Registering precompiled user dll's ...
Registered in 0.000584 seconds.
Begin MonoManager ReloadAssembly
Native extension for WindowsStandalone target not found
Refreshing native plugins compatible for Editor in 0.23 ms, found 0 plugins.
Preloading 0 native plugins for Editor in 0.00 ms.
Invoked RoslynAnalysisRunner static constructor.
RoslynAnalysisRunner will not be running.
RoslynAnalysisRunner has terminated.
Mono: successfully reloaded assembly
- Completed reload, in  0.731 seconds
Platform modules already initialized, skipping
Refreshing native plugins compatible for Editor in 0.18 ms, found 0 plugins.
Preloading 0 native plugins for Editor in 0.00 ms.
Unloading 1119 Unused Serialized files (Serialized files now loaded: 0)
System memory in use before: 57.9 MB.
System memory in use after: 58.0 MB.

Unloading 4 unused Assets to reduce memory usage. Loaded Objects now: 1573.
Total: 1.615400 ms (FindLiveObjects: 0.148800 ms CreateObjectMapping: 0.039200 ms MarkObjects: 1.412600 ms  DeleteObjects: 0.013600 ms)

========================================================================
Received Import Request.
  Time since last request: 33.809402 seconds.
  path: Assets/Scenes/MatchMaker-Solo.unity
  artifactKey: Guid(5723da7b5024ab14090393d7ea68f99c) Importer(815301076,1909f56bfc062723c751e8b465ee728b)
Start importing Assets/Scenes/MatchMaker-Solo.unity using Guid(5723da7b5024ab14090393d7ea68f99c) Importer(815301076,1909f56bfc062723c751e8b465ee728b)  -> (artifact id: '3217b64ef2ed7ab198f583f4d6fe7e91') in 0.012516 seconds
  Import took 0.016495 seconds .

========================================================================
Received Import Request.
  Time since last request: 674.188184 seconds.
  path: Assets/Scripts/LearningAlgorithms/Individual.cs
  artifactKey: Guid(9930ae4031c5e4d20be719f7bc40b4b2) Importer(815301076,1909f56bfc062723c751e8b465ee728b)
Start importing Assets/Scripts/LearningAlgorithms/Individual.cs using Guid(9930ae4031c5e4d20be719f7bc40b4b2) Importer(815301076,1909f56bfc062723c751e8b465ee728b)  -> (artifact id: '501872e58b70831f455873b5fa1ea669') in 0.037649 seconds
  Import took 0.043611 seconds .

========================================================================
Received Prepare
Registering precompiled user dll's ...
Registered in 0.000692 seconds.
Begin MonoManager ReloadAssembly
Native extension for WindowsStandalone target not found
Refreshing native plugins compatible for Editor in 0.42 ms, found 0 plugins.
Preloading 0 native plugins for Editor in 0.00 ms.
Invoked RoslynAnalysisRunner static constructor.
RoslynAnalysisRunner will not be running.
RoslynAnalysisRunner has terminated.
Mono: successfully reloaded assembly
- Completed reload, in  1.218 seconds
Platform modules already initialized, skipping
Refreshing native plugins compatible for Editor in 0.19 ms, found 0 plugins.
Preloading 0 native plugins for Editor in 0.00 ms.
Unloading 1119 Unused Serialized files (Serialized files now loaded: 0)
System memory in use before: 57.9 MB.
System memory in use after: 58.0 MB.

Unloading 4 unused Assets to reduce memory usage. Loaded Objects now: 1575.
Total: 3.818500 ms (FindLiveObjects: 0.467600 ms CreateObjectMapping: 0.301900 ms MarkObjects: 3.026500 ms  DeleteObjects: 0.019600 ms)

========================================================================
Received Prepare
Registering precompiled user dll's ...
Registered in 0.001112 seconds.
Begin MonoManager ReloadAssembly
Native extension for WindowsStandalone target not found
Refreshing native plugins compatible for Editor in 0.22 ms, found 0 plugins.
Preloading 0 native plugins for Editor in 0.00 ms.
Invoked RoslynAnalysisRunner static constructor.
RoslynAnalysisRunner will not be running.
RoslynAnalysisRunner has terminated.
Mono: successfully reloaded assembly
- Completed reload, in  1.236 seconds
Platform modules already initialized, skipping
Refreshing native plugins compatible for Editor in 1.07 ms, found 0 plugins.
Preloading 0 native plugins for Editor in 0.00 ms.
Unloading 1119 Unused Serialized files (Serialized files now loaded: 0)
System memory in use before: 57.9 MB.
System memory in use after: 58.0 MB.

Unloading 4 unused Assets to reduce memory usage. Loaded Objects now: 1577.
Total: 9.214000 ms (FindLiveObjects: 0.688600 ms CreateObjectMapping: 0.394900 ms MarkObjects: 8.085500 ms  DeleteObjects: 0.039100 ms)

========================================================================
Received Prepare
Registering precompiled user dll's ...
Registered in 0.000812 seconds.
Begin MonoManager ReloadAssembly
Native extension for WindowsStandalone target not found
Refreshing native plugins compatible for Editor in 0.36 ms, found 0 plugins.
Preloading 0 native plugins for Editor in 0.00 ms.
Invoked RoslynAnalysisRunner static constructor.
RoslynAnalysisRunner will not be running.
RoslynAnalysisRunner has terminated.
Mono: successfully reloaded assembly
- Completed reload, in  1.098 seconds
Platform modules already initialized, skipping
Refreshing native plugins compatible for Editor in 0.21 ms, found 0 plugins.
Preloading 0 native plugins for Editor in 0.00 ms.
Unloading 1119 Unused Serialized files (Serialized files now loaded: 0)
System memory in use before: 57.9 MB.
System memory in use after: 58.0 MB.

Unloading 4 unused Assets to reduce memory usage. Loaded Objects now: 1579.
Total: 5.265200 ms (FindLiveObjects: 0.569000 ms CreateObjectMapping: 0.203800 ms MarkObjects: 4.455600 ms  DeleteObjects: 0.033500 ms)

========================================================================
Received Prepare
Registering precompiled user dll's ...
Registered in 0.001145 seconds.
Begin MonoManager ReloadAssembly
Native extension for WindowsStandalone target not found
Refreshing native plugins compatible for Editor in 0.49 ms, found 0 plugins.
Preloading 0 native plugins for Editor in 0.00 ms.
Invoked RoslynAnalysisRunner static constructor.
RoslynAnalysisRunner will not be running.
RoslynAnalysisRunner has terminated.
Mono: successfully reloaded assembly
- Completed reload, in  1.682 seconds
Platform modules already initialized, skipping
Refreshing native plugins compatible for Editor in 0.55 ms, found 0 plugins.
Preloading 0 native plugins for Editor in 0.00 ms.
Unloading 1119 Unused Serialized files (Serialized files now loaded: 0)
System memory in use before: 57.9 MB.
System memory in use after: 58.0 MB.

Unloading 4 unused Assets to reduce memory usage. Loaded Objects now: 1581.
Total: 4.242700 ms (FindLiveObjects: 0.393100 ms CreateObjectMapping: 0.417400 ms MarkObjects: 3.392100 ms  DeleteObjects: 0.036200 ms)

========================================================================
Received Import Request.
  Time since last request: 1911.480972 seconds.
  path: Assets/Scenes/MatchMaker-Solo.unity
  artifactKey: Guid(5723da7b5024ab14090393d7ea68f99c) Importer(815301076,1909f56bfc062723c751e8b465ee728b)
Start importing Assets/Scenes/MatchMaker-Solo.unity using Guid(5723da7b5024ab14090393d7ea68f99c) Importer(815301076,1909f56bfc062723c751e8b465ee728b)  -> (artifact id: 'b55fcb1d670cca052d492bae5599feec') in 0.015020 seconds
  Import took 0.023179 seconds .

========================================================================
Received Prepare
Registering precompiled user dll's ...
Registered in 0.000844 seconds.
Begin MonoManager ReloadAssembly
Native extension for WindowsStandalone target not found
Refreshing native plugins compatible for Editor in 0.24 ms, found 0 plugins.
Preloading 0 native plugins for Editor in 0.00 ms.
Invoked RoslynAnalysisRunner static constructor.
RoslynAnalysisRunner will not be running.
RoslynAnalysisRunner has terminated.
Mono: successfully reloaded assembly
- Completed reload, in  1.050 seconds
Platform modules already initialized, skipping
Refreshing native plugins compatible for Editor in 0.38 ms, found 0 plugins.
Preloading 0 native plugins for Editor in 0.00 ms.
Unloading 1119 Unused Serialized files (Serialized files now loaded: 0)
System memory in use before: 58.0 MB.
System memory in use after: 58.1 MB.

Unloading 4 unused Assets to reduce memory usage. Loaded Objects now: 1583.
Total: 2.047800 ms (FindLiveObjects: 0.239700 ms CreateObjectMapping: 0.069200 ms MarkObjects: 1.720600 ms  DeleteObjects: 0.016500 ms)

========================================================================
Received Import Request.
  Time since last request: 104.341963 seconds.
  path: Assets/Scenes/MatchMaker-Solo.unity
  artifactKey: Guid(5723da7b5024ab14090393d7ea68f99c) Importer(815301076,1909f56bfc062723c751e8b465ee728b)
Start importing Assets/Scenes/MatchMaker-Solo.unity using Guid(5723da7b5024ab14090393d7ea68f99c) Importer(815301076,1909f56bfc062723c751e8b465ee728b)  -> (artifact id: 'd2f0572ebf308f21acd38855b7b5c3e0') in 0.016257 seconds
  Import took 0.022265 seconds .

========================================================================
Received Prepare
Registering precompiled user dll's ...
Registered in 0.001778 seconds.
Begin MonoManager ReloadAssembly
Native extension for WindowsStandalone target not found
Refreshing native plugins compatible for Editor in 0.41 ms, found 0 plugins.
Preloading 0 native plugins for Editor in 0.00 ms.
Invoked RoslynAnalysisRunner static constructor.
RoslynAnalysisRunner will not be running.
RoslynAnalysisRunner has terminated.
Mono: successfully reloaded assembly
- Completed reload, in  1.587 seconds
Platform modules already initialized, skipping
Refreshing native plugins compatible for Editor in 0.80 ms, found 0 plugins.
Preloading 0 native plugins for Editor in 0.00 ms.
Unloading 1119 Unused Serialized files (Serialized files now loaded: 0)
System memory in use before: 58.0 MB.
System memory in use after: 58.1 MB.

Unloading 4 unused Assets to reduce memory usage. Loaded Objects now: 1585.
Total: 1.891500 ms (FindLiveObjects: 0.199200 ms CreateObjectMapping: 0.054100 ms MarkObjects: 1.613900 ms  DeleteObjects: 0.022300 ms)

AssetImportWorkerClient::OnTransportError - code=2 error=End of file
