Using pre-set license
Built from '2020.2/release' branch; Version is '2020.2.4f1 (becced5a802b) revision 12504301'; Using compiler version '192528614'; Build Type 'Release'
OS: 'Windows 10 Home; OS build 19042.985; Version 2009; 64bit' Language: 'en' Physical Memory: 16234 MB
BatchMode: 1, IsHumanControllingUs: 0, StartBugReporterOnCrash: 0, Is64bit: 1, IsPro: 0

 COMMAND LINE ARGUMENTS:
C:\Program Files\Unity\Hub\Editor\2020.2.4f1\Editor\Unity.exe
-adb2
-batchMode
-noUpm
-name
AssetImportWorker0
-projectPath
C:/Users/pcdar/OneDrive/Documentos/GitHub/FIA-Trabalhos-2021/Problema 2/Codigo Unity Novo/TP2  Updated
-logFile
Logs/AssetImportWorker0.log
-srvPort
60846
Successfully changed project path to: C:/Users/pcdar/OneDrive/Documentos/GitHub/FIA-Trabalhos-2021/Problema 2/Codigo Unity Novo/TP2  Updated
C:/Users/pcdar/OneDrive/Documentos/GitHub/FIA-Trabalhos-2021/Problema 2/Codigo Unity Novo/TP2  Updated
Using Asset Import Pipeline V2.
Refreshing native plugins compatible for Editor in 21.00 ms, found 0 plugins.
Preloading 0 native plugins for Editor in 0.00 ms.
Initialize engine version: 2020.2.4f1 (becced5a802b)
[Subsystems] Discovering subsystems at path C:/Program Files/Unity/Hub/Editor/2020.2.4f1/Editor/Data/Resources/UnitySubsystems
[Subsystems] Discovering subsystems at path C:/Users/pcdar/OneDrive/Documentos/GitHub/FIA-Trabalhos-2021/Problema 2/Codigo Unity Novo/TP2  Updated/Assets
GfxDevice: creating device client; threaded=0
Direct3D:
    Version:  Direct3D 11.0 [level 11.1]
    Renderer: NVIDIA GeForce GTX 1660 Ti (ID=0x2191)
    Vendor:   
    VRAM:     5991 MB
    Driver:   27.21.14.6647
Initialize mono
Mono path[0] = 'C:/Program Files/Unity/Hub/Editor/2020.2.4f1/Editor/Data/Managed'
Mono path[1] = 'C:/Program Files/Unity/Hub/Editor/2020.2.4f1/Editor/Data/MonoBleedingEdge/lib/mono/unityjit'
Mono config path = 'C:/Program Files/Unity/Hub/Editor/2020.2.4f1/Editor/Data/MonoBleedingEdge/etc'
Using monoOptions --debugger-agent=transport=dt_socket,embedding=1,server=y,suspend=n,address=127.0.0.1:56496
Begin MonoManager ReloadAssembly
Registering precompiled unity dll's ...
Register platform support module: C:/Program Files/Unity/Hub/Editor/2020.2.4f1/Editor/Data/PlaybackEngines/WindowsStandaloneSupport/UnityEditor.WindowsStandalone.Extensions.dll
Registered in 0.001600 seconds.
Native extension for WindowsStandalone target not found
Refreshing native plugins compatible for Editor in 19.94 ms, found 0 plugins.
Preloading 0 native plugins for Editor in 0.00 ms.
Invoked RoslynAnalysisRunner static constructor.
RoslynAnalysisRunner will not be running.
RoslynAnalysisRunner has terminated.
Mono: successfully reloaded assembly
- Completed reload, in  1.001 seconds
Platform modules already initialized, skipping
Registering precompiled user dll's ...
Registered in 0.000626 seconds.
Begin MonoManager ReloadAssembly
Native extension for WindowsStandalone target not found
Refreshing native plugins compatible for Editor in 0.18 ms, found 0 plugins.
Preloading 0 native plugins for Editor in 0.00 ms.
Invoked RoslynAnalysisRunner static constructor.
RoslynAnalysisRunner will not be running.
RoslynAnalysisRunner has terminated.
Mono: successfully reloaded assembly
- Completed reload, in  0.749 seconds
Platform modules already initialized, skipping
========================================================================
Worker process is ready to serve import requests
Launched and connected shader compiler UnityShaderCompiler.exe after 0.08 seconds
Refreshing native plugins compatible for Editor in 0.18 ms, found 0 plugins.
Preloading 0 native plugins for Editor in 0.00 ms.
Unloading 1125 Unused Serialized files (Serialized files now loaded: 0)
System memory in use before: 58.0 MB.
System memory in use after: 58.1 MB.

Unloading 9 unused Assets to reduce memory usage. Loaded Objects now: 1569.
Total: 1.708100 ms (FindLiveObjects: 0.211600 ms CreateObjectMapping: 0.091800 ms MarkObjects: 1.345300 ms  DeleteObjects: 0.058500 ms)

========================================================================
Received Import Request.
  path: Assets/Scenes/MatchMaker-Solo.unity
  artifactKey: Guid(5723da7b5024ab14090393d7ea68f99c) Importer(815301076,1909f56bfc062723c751e8b465ee728b)
Start importing Assets/Scenes/MatchMaker-Solo.unity using Guid(5723da7b5024ab14090393d7ea68f99c) Importer(815301076,1909f56bfc062723c751e8b465ee728b)  -> (artifact id: '682feacc9f7699d282edeb36dd119f5f') in 0.010535 seconds
  Import took 0.013481 seconds .

========================================================================
Received Import Request.
  Time since last request: 1.112211 seconds.
  path: Assets/Scenes/MatchMaker-OnevsOne.unity
  artifactKey: Guid(0dd67436d94a37045abf0e06aa9c4ea3) Importer(815301076,1909f56bfc062723c751e8b465ee728b)
Start importing Assets/Scenes/MatchMaker-OnevsOne.unity using Guid(0dd67436d94a37045abf0e06aa9c4ea3) Importer(815301076,1909f56bfc062723c751e8b465ee728b)  -> (artifact id: 'b979f9f4a03dcfde803a2cb17b174aa5') in 0.002698 seconds
  Import took 0.006474 seconds .

========================================================================
Received Import Request.
  Time since last request: 0.000546 seconds.
  path: Assets/Scenes/MatchMaker-OnevsOne.unity
  artifactKey: Guid(0dd67436d94a37045abf0e06aa9c4ea3) Importer(815301076,1909f56bfc062723c751e8b465ee728b)
Start importing Assets/Scenes/MatchMaker-OnevsOne.unity using Guid(0dd67436d94a37045abf0e06aa9c4ea3) Importer(815301076,1909f56bfc062723c751e8b465ee728b)  -> (artifact id: 'b979f9f4a03dcfde803a2cb17b174aa5') in 0.002449 seconds
  Import took 0.006636 seconds .

========================================================================
Received Import Request.
  Time since last request: 75.682763 seconds.
  path: Assets/Scenes/Evolving-ControlTheBallToAdversaryGoal.unity
  artifactKey: Guid(f56e339cb68754828833e07e6cab13f1) Importer(815301076,1909f56bfc062723c751e8b465ee728b)
Start importing Assets/Scenes/Evolving-ControlTheBallToAdversaryGoal.unity using Guid(f56e339cb68754828833e07e6cab13f1) Importer(815301076,1909f56bfc062723c751e8b465ee728b)  -> (artifact id: 'df8f60294d1e721e2d9635fd7b815f35') in 0.009348 seconds
  Import took 0.013242 seconds .

========================================================================
Received Import Request.
  Time since last request: 10.205215 seconds.
  path: Assets/Scenes/Evolving-OnevsOne.unity
  artifactKey: Guid(54687ff5aef3a4fb09b45f56452bbf12) Importer(815301076,1909f56bfc062723c751e8b465ee728b)
Start importing Assets/Scenes/Evolving-OnevsOne.unity using Guid(54687ff5aef3a4fb09b45f56452bbf12) Importer(815301076,1909f56bfc062723c751e8b465ee728b)  -> (artifact id: 'ca4231dd82babc0a3218c71ea24d2632') in 0.009492 seconds
  Import took 0.012994 seconds .

========================================================================
Received Prepare
Registering precompiled user dll's ...
Registered in 0.000848 seconds.
Begin MonoManager ReloadAssembly
Native extension for WindowsStandalone target not found
Refreshing native plugins compatible for Editor in 0.44 ms, found 0 plugins.
Preloading 0 native plugins for Editor in 0.00 ms.
Invoked RoslynAnalysisRunner static constructor.
RoslynAnalysisRunner will not be running.
RoslynAnalysisRunner has terminated.
Mono: successfully reloaded assembly
- Completed reload, in  0.991 seconds
Platform modules already initialized, skipping
Refreshing native plugins compatible for Editor in 0.33 ms, found 0 plugins.
Preloading 0 native plugins for Editor in 0.00 ms.
Unloading 1119 Unused Serialized files (Serialized files now loaded: 0)
System memory in use before: 57.9 MB.
System memory in use after: 58.0 MB.

Unloading 4 unused Assets to reduce memory usage. Loaded Objects now: 1571.
Total: 1.904100 ms (FindLiveObjects: 0.197800 ms CreateObjectMapping: 0.064100 ms MarkObjects: 1.561200 ms  DeleteObjects: 0.078700 ms)

========================================================================
Received Prepare
Registering precompiled user dll's ...
Registered in 0.000697 seconds.
Begin MonoManager ReloadAssembly
Native extension for WindowsStandalone target not found
Refreshing native plugins compatible for Editor in 0.19 ms, found 0 plugins.
Preloading 0 native plugins for Editor in 0.00 ms.
Invoked RoslynAnalysisRunner static constructor.
RoslynAnalysisRunner will not be running.
RoslynAnalysisRunner has terminated.
Mono: successfully reloaded assembly
- Completed reload, in  0.726 seconds
Platform modules already initialized, skipping
Refreshing native plugins compatible for Editor in 0.19 ms, found 0 plugins.
Preloading 0 native plugins for Editor in 0.00 ms.
Unloading 1119 Unused Serialized files (Serialized files now loaded: 0)
System memory in use before: 57.9 MB.
System memory in use after: 58.0 MB.

Unloading 4 unused Assets to reduce memory usage. Loaded Objects now: 1573.
Total: 1.550200 ms (FindLiveObjects: 0.218200 ms CreateObjectMapping: 0.049900 ms MarkObjects: 1.263700 ms  DeleteObjects: 0.017300 ms)

========================================================================
Received Prepare
Registering precompiled user dll's ...
Registered in 0.000682 seconds.
Begin MonoManager ReloadAssembly
Native extension for WindowsStandalone target not found
Refreshing native plugins compatible for Editor in 0.19 ms, found 0 plugins.
Preloading 0 native plugins for Editor in 0.00 ms.
Invoked RoslynAnalysisRunner static constructor.
RoslynAnalysisRunner will not be running.
RoslynAnalysisRunner has terminated.
Mono: successfully reloaded assembly
- Completed reload, in  0.710 seconds
Platform modules already initialized, skipping
Refreshing native plugins compatible for Editor in 0.18 ms, found 0 plugins.
Preloading 0 native plugins for Editor in 0.00 ms.
Unloading 1119 Unused Serialized files (Serialized files now loaded: 0)
System memory in use before: 57.9 MB.
System memory in use after: 58.0 MB.

Unloading 4 unused Assets to reduce memory usage. Loaded Objects now: 1575.
Total: 1.650000 ms (FindLiveObjects: 0.125400 ms CreateObjectMapping: 0.035600 ms MarkObjects: 1.473700 ms  DeleteObjects: 0.013600 ms)

========================================================================
Received Prepare
Registering precompiled user dll's ...
Registered in 0.000751 seconds.
Begin MonoManager ReloadAssembly
Native extension for WindowsStandalone target not found
Refreshing native plugins compatible for Editor in 0.26 ms, found 0 plugins.
Preloading 0 native plugins for Editor in 0.00 ms.
Invoked RoslynAnalysisRunner static constructor.
RoslynAnalysisRunner will not be running.
RoslynAnalysisRunner has terminated.
Mono: successfully reloaded assembly
- Completed reload, in  0.713 seconds
Platform modules already initialized, skipping
Refreshing native plugins compatible for Editor in 0.31 ms, found 0 plugins.
Preloading 0 native plugins for Editor in 0.00 ms.
Unloading 1119 Unused Serialized files (Serialized files now loaded: 0)
System memory in use before: 57.9 MB.
System memory in use after: 58.0 MB.

Unloading 4 unused Assets to reduce memory usage. Loaded Objects now: 1577.
Total: 1.544500 ms (FindLiveObjects: 0.160800 ms CreateObjectMapping: 0.061600 ms MarkObjects: 1.307800 ms  DeleteObjects: 0.013200 ms)

========================================================================
Received Import Request.
  Time since last request: 253.009372 seconds.
  path: Assets/Scenes/MatchMaker-Solo.unity
  artifactKey: Guid(5723da7b5024ab14090393d7ea68f99c) Importer(815301076,1909f56bfc062723c751e8b465ee728b)
Start importing Assets/Scenes/MatchMaker-Solo.unity using Guid(5723da7b5024ab14090393d7ea68f99c) Importer(815301076,1909f56bfc062723c751e8b465ee728b)  -> (artifact id: '39d9f5c62ccf32ca0d8c9cf64b45424f') in 0.007905 seconds
  Import took 0.010888 seconds .

========================================================================
Received Prepare
Registering precompiled user dll's ...
Registered in 0.000673 seconds.
Begin MonoManager ReloadAssembly
Native extension for WindowsStandalone target not found
Refreshing native plugins compatible for Editor in 0.39 ms, found 0 plugins.
Preloading 0 native plugins for Editor in 0.00 ms.
Invoked RoslynAnalysisRunner static constructor.
RoslynAnalysisRunner will not be running.
RoslynAnalysisRunner has terminated.
Mono: successfully reloaded assembly
- Completed reload, in  0.689 seconds
Platform modules already initialized, skipping
Refreshing native plugins compatible for Editor in 0.30 ms, found 0 plugins.
Preloading 0 native plugins for Editor in 0.00 ms.
Unloading 1119 Unused Serialized files (Serialized files now loaded: 0)
System memory in use before: 57.9 MB.
System memory in use after: 58.0 MB.

Unloading 4 unused Assets to reduce memory usage. Loaded Objects now: 1579.
Total: 1.560500 ms (FindLiveObjects: 0.151600 ms CreateObjectMapping: 0.030000 ms MarkObjects: 1.362500 ms  DeleteObjects: 0.015600 ms)

========================================================================
Received Import Request.
  Time since last request: 181.249374 seconds.
  path: Assets/Scenes/MatchMaker-OnevsOne.unity
  artifactKey: Guid(0dd67436d94a37045abf0e06aa9c4ea3) Importer(815301076,1909f56bfc062723c751e8b465ee728b)
Start importing Assets/Scenes/MatchMaker-OnevsOne.unity using Guid(0dd67436d94a37045abf0e06aa9c4ea3) Importer(815301076,1909f56bfc062723c751e8b465ee728b)  -> (artifact id: '962cb8d2b930bd7fe4d8cab66060a019') in 0.011944 seconds
  Import took 0.015022 seconds .

========================================================================
Received Prepare
Registering precompiled user dll's ...
Registered in 0.000643 seconds.
Begin MonoManager ReloadAssembly
Native extension for WindowsStandalone target not found
Refreshing native plugins compatible for Editor in 0.20 ms, found 0 plugins.
Preloading 0 native plugins for Editor in 0.00 ms.
Invoked RoslynAnalysisRunner static constructor.
RoslynAnalysisRunner will not be running.
RoslynAnalysisRunner has terminated.
Mono: successfully reloaded assembly
- Completed reload, in  0.724 seconds
Platform modules already initialized, skipping
Refreshing native plugins compatible for Editor in 0.19 ms, found 0 plugins.
Preloading 0 native plugins for Editor in 0.00 ms.
Unloading 1119 Unused Serialized files (Serialized files now loaded: 0)
System memory in use before: 57.9 MB.
System memory in use after: 58.0 MB.

Unloading 4 unused Assets to reduce memory usage. Loaded Objects now: 1581.
Total: 1.553700 ms (FindLiveObjects: 0.137900 ms CreateObjectMapping: 0.036000 ms MarkObjects: 1.367100 ms  DeleteObjects: 0.011700 ms)

========================================================================
Received Prepare
Registering precompiled user dll's ...
Registered in 0.001063 seconds.
Begin MonoManager ReloadAssembly
Native extension for WindowsStandalone target not found
Refreshing native plugins compatible for Editor in 0.21 ms, found 0 plugins.
Preloading 0 native plugins for Editor in 0.00 ms.
Invoked RoslynAnalysisRunner static constructor.
RoslynAnalysisRunner will not be running.
RoslynAnalysisRunner has terminated.
Mono: successfully reloaded assembly
- Completed reload, in  0.673 seconds
Platform modules already initialized, skipping
Refreshing native plugins compatible for Editor in 0.19 ms, found 0 plugins.
Preloading 0 native plugins for Editor in 0.00 ms.
Unloading 1119 Unused Serialized files (Serialized files now loaded: 0)
System memory in use before: 58.0 MB.
System memory in use after: 58.1 MB.

Unloading 4 unused Assets to reduce memory usage. Loaded Objects now: 1583.
Total: 1.556500 ms (FindLiveObjects: 0.134000 ms CreateObjectMapping: 0.034600 ms MarkObjects: 1.373700 ms  DeleteObjects: 0.012200 ms)

========================================================================
Received Import Request.
  Time since last request: 169.984982 seconds.
  path: Assets/Scenes/MatchMaker-OnevsOne.unity
  artifactKey: Guid(0dd67436d94a37045abf0e06aa9c4ea3) Importer(815301076,1909f56bfc062723c751e8b465ee728b)
Start importing Assets/Scenes/MatchMaker-OnevsOne.unity using Guid(0dd67436d94a37045abf0e06aa9c4ea3) Importer(815301076,1909f56bfc062723c751e8b465ee728b)  -> (artifact id: '02a0196e82cf0dca65578b2f9ef527c0') in 0.012991 seconds
  Import took 0.017186 seconds .

========================================================================
Received Import Request.
  Time since last request: 0.001689 seconds.
  path: Assets/Scenes/MatchMaker-OnevsOne.unity
  artifactKey: Guid(0dd67436d94a37045abf0e06aa9c4ea3) Importer(815301076,1909f56bfc062723c751e8b465ee728b)
Start importing Assets/Scenes/MatchMaker-OnevsOne.unity using Guid(0dd67436d94a37045abf0e06aa9c4ea3) Importer(815301076,1909f56bfc062723c751e8b465ee728b)  -> (artifact id: '02a0196e82cf0dca65578b2f9ef527c0') in 0.002232 seconds
  Import took 0.006517 seconds .

========================================================================
Received Import Request.
  Time since last request: 36.713180 seconds.
  path: Assets/Scenes/MatchMaker-Solo.unity
  artifactKey: Guid(5723da7b5024ab14090393d7ea68f99c) Importer(815301076,1909f56bfc062723c751e8b465ee728b)
Start importing Assets/Scenes/MatchMaker-Solo.unity using Guid(5723da7b5024ab14090393d7ea68f99c) Importer(815301076,1909f56bfc062723c751e8b465ee728b)  -> (artifact id: 'f54ab8c233fa5ecfd5df6d5b8c15e5e5') in 0.002163 seconds
  Import took 0.006645 seconds .

========================================================================
Received Import Request.
  Time since last request: 0.000613 seconds.
  path: Assets/Scenes/MatchMaker-Solo.unity
  artifactKey: Guid(5723da7b5024ab14090393d7ea68f99c) Importer(815301076,1909f56bfc062723c751e8b465ee728b)
Start importing Assets/Scenes/MatchMaker-Solo.unity using Guid(5723da7b5024ab14090393d7ea68f99c) Importer(815301076,1909f56bfc062723c751e8b465ee728b)  -> (artifact id: 'f54ab8c233fa5ecfd5df6d5b8c15e5e5') in 0.002998 seconds
  Import took 0.006166 seconds .

========================================================================
Received Prepare
Registering precompiled user dll's ...
Registered in 0.001091 seconds.
Begin MonoManager ReloadAssembly
Native extension for WindowsStandalone target not found
Refreshing native plugins compatible for Editor in 0.19 ms, found 0 plugins.
Preloading 0 native plugins for Editor in 0.00 ms.
Invoked RoslynAnalysisRunner static constructor.
RoslynAnalysisRunner will not be running.
RoslynAnalysisRunner has terminated.
Mono: successfully reloaded assembly
- Completed reload, in  0.716 seconds
Platform modules already initialized, skipping
Refreshing native plugins compatible for Editor in 0.20 ms, found 0 plugins.
Preloading 0 native plugins for Editor in 0.00 ms.
Unloading 1119 Unused Serialized files (Serialized files now loaded: 0)
System memory in use before: 58.0 MB.
System memory in use after: 58.1 MB.

Unloading 4 unused Assets to reduce memory usage. Loaded Objects now: 1585.
Total: 1.520200 ms (FindLiveObjects: 0.129300 ms CreateObjectMapping: 0.030300 ms MarkObjects: 1.347000 ms  DeleteObjects: 0.012400 ms)

========================================================================
Received Import Request.
  Time since last request: 142.269383 seconds.
  path: Assets/Scenes/MatchMaker-Solo.unity
  artifactKey: Guid(5723da7b5024ab14090393d7ea68f99c) Importer(815301076,1909f56bfc062723c751e8b465ee728b)
Start importing Assets/Scenes/MatchMaker-Solo.unity using Guid(5723da7b5024ab14090393d7ea68f99c) Importer(815301076,1909f56bfc062723c751e8b465ee728b)  -> (artifact id: 'b55fcb1d670cca052d492bae5599feec') in 0.011171 seconds
  Import took 0.014896 seconds .

========================================================================
Received Prepare
Registering precompiled user dll's ...
Registered in 0.001055 seconds.
Begin MonoManager ReloadAssembly
Native extension for WindowsStandalone target not found
Refreshing native plugins compatible for Editor in 0.20 ms, found 0 plugins.
Preloading 0 native plugins for Editor in 0.00 ms.
Invoked RoslynAnalysisRunner static constructor.
RoslynAnalysisRunner will not be running.
RoslynAnalysisRunner has terminated.
Mono: successfully reloaded assembly
- Completed reload, in  0.704 seconds
Platform modules already initialized, skipping
Refreshing native plugins compatible for Editor in 0.19 ms, found 0 plugins.
Preloading 0 native plugins for Editor in 0.00 ms.
Unloading 1119 Unused Serialized files (Serialized files now loaded: 0)
System memory in use before: 58.0 MB.
System memory in use after: 58.1 MB.

Unloading 4 unused Assets to reduce memory usage. Loaded Objects now: 1587.
Total: 1.577100 ms (FindLiveObjects: 0.130200 ms CreateObjectMapping: 0.033100 ms MarkObjects: 1.399200 ms  DeleteObjects: 0.013500 ms)

========================================================================
Received Import Request.
  Time since last request: 132.840932 seconds.
  path: Assets/Scenes/MatchMaker-OnevsOne.unity
  artifactKey: Guid(0dd67436d94a37045abf0e06aa9c4ea3) Importer(815301076,1909f56bfc062723c751e8b465ee728b)
Start importing Assets/Scenes/MatchMaker-OnevsOne.unity using Guid(0dd67436d94a37045abf0e06aa9c4ea3) Importer(815301076,1909f56bfc062723c751e8b465ee728b)  -> (artifact id: 'bf574c9e3b47177fe8572cd3a69c93c6') in 0.012335 seconds
  Import took 0.015485 seconds .

========================================================================
Received Prepare
Registering precompiled user dll's ...
Registered in 0.000597 seconds.
Begin MonoManager ReloadAssembly
Native extension for WindowsStandalone target not found
Refreshing native plugins compatible for Editor in 0.19 ms, found 0 plugins.
Preloading 0 native plugins for Editor in 0.00 ms.
Invoked RoslynAnalysisRunner static constructor.
RoslynAnalysisRunner will not be running.
RoslynAnalysisRunner has terminated.
Mono: successfully reloaded assembly
- Completed reload, in  0.724 seconds
Platform modules already initialized, skipping
Refreshing native plugins compatible for Editor in 0.21 ms, found 0 plugins.
Preloading 0 native plugins for Editor in 0.00 ms.
Unloading 1119 Unused Serialized files (Serialized files now loaded: 0)
System memory in use before: 58.0 MB.
System memory in use after: 58.1 MB.

Unloading 4 unused Assets to reduce memory usage. Loaded Objects now: 1589.
Total: 1.431500 ms (FindLiveObjects: 0.151500 ms CreateObjectMapping: 0.041600 ms MarkObjects: 1.217300 ms  DeleteObjects: 0.011100 ms)

========================================================================
Received Import Request.
  Time since last request: 117.242912 seconds.
  path: Assets/Scenes/MatchMaker-Solo.unity
  artifactKey: Guid(5723da7b5024ab14090393d7ea68f99c) Importer(815301076,1909f56bfc062723c751e8b465ee728b)
Start importing Assets/Scenes/MatchMaker-Solo.unity using Guid(5723da7b5024ab14090393d7ea68f99c) Importer(815301076,1909f56bfc062723c751e8b465ee728b)  -> (artifact id: '7ede3eac53eba292af8e8f1d18c7ae7a') in 0.012673 seconds
  Import took 0.016153 seconds .

========================================================================
Received Prepare
Registering precompiled user dll's ...
Registered in 0.000605 seconds.
Begin MonoManager ReloadAssembly
Native extension for WindowsStandalone target not found
Refreshing native plugins compatible for Editor in 0.19 ms, found 0 plugins.
Preloading 0 native plugins for Editor in 0.00 ms.
Invoked RoslynAnalysisRunner static constructor.
RoslynAnalysisRunner will not be running.
RoslynAnalysisRunner has terminated.
Mono: successfully reloaded assembly
- Completed reload, in  0.710 seconds
Platform modules already initialized, skipping
Refreshing native plugins compatible for Editor in 0.19 ms, found 0 plugins.
Preloading 0 native plugins for Editor in 0.00 ms.
Unloading 1119 Unused Serialized files (Serialized files now loaded: 0)
System memory in use before: 58.0 MB.
System memory in use after: 58.1 MB.

Unloading 4 unused Assets to reduce memory usage. Loaded Objects now: 1591.
Total: 1.548100 ms (FindLiveObjects: 0.131100 ms CreateObjectMapping: 0.031400 ms MarkObjects: 1.372400 ms  DeleteObjects: 0.012300 ms)

========================================================================
Received Prepare
Registering precompiled user dll's ...
Registered in 0.001545 seconds.
Begin MonoManager ReloadAssembly
Native extension for WindowsStandalone target not found
Refreshing native plugins compatible for Editor in 0.23 ms, found 0 plugins.
Preloading 0 native plugins for Editor in 0.00 ms.
Invoked RoslynAnalysisRunner static constructor.
RoslynAnalysisRunner will not be running.
RoslynAnalysisRunner has terminated.
Mono: successfully reloaded assembly
- Completed reload, in  1.025 seconds
Platform modules already initialized, skipping
Refreshing native plugins compatible for Editor in 0.41 ms, found 0 plugins.
Preloading 0 native plugins for Editor in 0.00 ms.
Unloading 1119 Unused Serialized files (Serialized files now loaded: 0)
System memory in use before: 58.0 MB.
System memory in use after: 58.1 MB.

Unloading 4 unused Assets to reduce memory usage. Loaded Objects now: 1593.
Total: 2.242100 ms (FindLiveObjects: 0.342600 ms CreateObjectMapping: 0.118800 ms MarkObjects: 1.739500 ms  DeleteObjects: 0.039400 ms)

========================================================================
Received Import Request.
  Time since last request: 237.519465 seconds.
  path: Assets/Scenes/MatchMaker-OnevsOne.unity
  artifactKey: Guid(0dd67436d94a37045abf0e06aa9c4ea3) Importer(815301076,1909f56bfc062723c751e8b465ee728b)
Start importing Assets/Scenes/MatchMaker-OnevsOne.unity using Guid(0dd67436d94a37045abf0e06aa9c4ea3) Importer(815301076,1909f56bfc062723c751e8b465ee728b)  -> (artifact id: 'bc777d8efcf1955e0cf04aa05b5d1973') in 0.009761 seconds
  Import took 0.013805 seconds .

========================================================================
Received Prepare
Registering precompiled user dll's ...
Registered in 0.001413 seconds.
Begin MonoManager ReloadAssembly
Native extension for WindowsStandalone target not found
Refreshing native plugins compatible for Editor in 0.19 ms, found 0 plugins.
Preloading 0 native plugins for Editor in 0.00 ms.
Invoked RoslynAnalysisRunner static constructor.
RoslynAnalysisRunner will not be running.
RoslynAnalysisRunner has terminated.
Mono: successfully reloaded assembly
- Completed reload, in  0.696 seconds
Platform modules already initialized, skipping
Refreshing native plugins compatible for Editor in 0.21 ms, found 0 plugins.
Preloading 0 native plugins for Editor in 0.00 ms.
Unloading 1119 Unused Serialized files (Serialized files now loaded: 0)
System memory in use before: 58.0 MB.
System memory in use after: 58.1 MB.

Unloading 4 unused Assets to reduce memory usage. Loaded Objects now: 1595.
Total: 1.384500 ms (FindLiveObjects: 0.142800 ms CreateObjectMapping: 0.068200 ms MarkObjects: 1.160300 ms  DeleteObjects: 0.012100 ms)

========================================================================
Received Prepare
Registering precompiled user dll's ...
Registered in 0.001708 seconds.
Begin MonoManager ReloadAssembly
Native extension for WindowsStandalone target not found
Refreshing native plugins compatible for Editor in 0.26 ms, found 0 plugins.
Preloading 0 native plugins for Editor in 0.00 ms.
Invoked RoslynAnalysisRunner static constructor.
RoslynAnalysisRunner will not be running.
RoslynAnalysisRunner has terminated.
Mono: successfully reloaded assembly
- Completed reload, in  1.132 seconds
Platform modules already initialized, skipping
Refreshing native plugins compatible for Editor in 0.31 ms, found 0 plugins.
Preloading 0 native plugins for Editor in 0.00 ms.
Unloading 1119 Unused Serialized files (Serialized files now loaded: 0)
System memory in use before: 58.0 MB.
System memory in use after: 58.1 MB.

Unloading 4 unused Assets to reduce memory usage. Loaded Objects now: 1597.
Total: 2.371200 ms (FindLiveObjects: 0.287500 ms CreateObjectMapping: 0.095700 ms MarkObjects: 1.888800 ms  DeleteObjects: 0.097300 ms)

========================================================================
Received Prepare
Registering precompiled user dll's ...
Registered in 0.001623 seconds.
Begin MonoManager ReloadAssembly
Native extension for WindowsStandalone target not found
Refreshing native plugins compatible for Editor in 0.19 ms, found 0 plugins.
Preloading 0 native plugins for Editor in 0.00 ms.
Invoked RoslynAnalysisRunner static constructor.
RoslynAnalysisRunner will not be running.
RoslynAnalysisRunner has terminated.
Mono: successfully reloaded assembly
- Completed reload, in  0.739 seconds
Platform modules already initialized, skipping
Refreshing native plugins compatible for Editor in 0.19 ms, found 0 plugins.
Preloading 0 native plugins for Editor in 0.00 ms.
Unloading 1119 Unused Serialized files (Serialized files now loaded: 0)
System memory in use before: 58.0 MB.
System memory in use after: 58.1 MB.

Unloading 4 unused Assets to reduce memory usage. Loaded Objects now: 1599.
Total: 1.580300 ms (FindLiveObjects: 0.153500 ms CreateObjectMapping: 0.115500 ms MarkObjects: 1.298200 ms  DeleteObjects: 0.011900 ms)

========================================================================
Received Prepare
Registering precompiled user dll's ...
Registered in 0.000604 seconds.
Begin MonoManager ReloadAssembly
Native extension for WindowsStandalone target not found
Refreshing native plugins compatible for Editor in 0.20 ms, found 0 plugins.
Preloading 0 native plugins for Editor in 0.00 ms.
Invoked RoslynAnalysisRunner static constructor.
RoslynAnalysisRunner will not be running.
RoslynAnalysisRunner has terminated.
Mono: successfully reloaded assembly
- Completed reload, in  0.706 seconds
Platform modules already initialized, skipping
Refreshing native plugins compatible for Editor in 0.20 ms, found 0 plugins.
Preloading 0 native plugins for Editor in 0.00 ms.
Unloading 1119 Unused Serialized files (Serialized files now loaded: 0)
System memory in use before: 58.0 MB.
System memory in use after: 58.1 MB.

Unloading 4 unused Assets to reduce memory usage. Loaded Objects now: 1601.
Total: 1.976900 ms (FindLiveObjects: 0.244200 ms CreateObjectMapping: 0.048400 ms MarkObjects: 1.664000 ms  DeleteObjects: 0.017700 ms)

AssetImportWorkerClient::OnTransportError - code=2 error=End of file
